<?xml version="1.0" encoding="UTF-8"?>
<testsuite xmlns:xsi="http://www.w3.org/2001/XMLSchema-instance" xsi:noNamespaceSchemaLocation="https://maven.apache.org/surefire/maven-surefire-plugin/xsd/surefire-test-report-3.0.xsd" version="3.0" name="projekt.GameOfLifeBoardTest" time="0.244" tests="8" errors="0" skipped="0" failures="0">
  <properties>
[...]
</properties>
  <testcase name="testGetBoard" classname="projekt.GameOfLifeBoardTest" time="0.083"/>
  <testcase name="testCheckIfCellLives" classname="projekt.GameOfLifeBoardTest" time="0.01"/>
  <testcase name="testPrintBoard" classname="projekt.GameOfLifeBoardTest" time="0.007"/>
  <testcase name="testInitWithoutSize" classname="projekt.GameOfLifeBoardTest" time="0.006"/>
  <testcase name="testInitGivenSize" classname="projekt.GameOfLifeBoardTest" time="0.007"/>
  <testcase name="testDoStep" classname="projekt.GameOfLifeBoardTest" time="0.005"/>
  <testcase name="testCheckNeighbours" classname="projekt.GameOfLifeBoardTest" time="0.008"/>
  <testcase name="testSetboard" classname="projekt.GameOfLifeBoardTest" time="0.003"/>
</testsuite>